make -C csrc clean
make[1]: Entering directory '/home/yhy/llm/comm_test/csrc'
rm -f `ls *.o | grep -v jsoncpp.o`
rm -f all2all_test net_test net_test_cuda conflict_test_cuda net_test_mpi conflict_allinone net_test_cpu nccl_test cpu2gpu \
   benchmark_p2p ring_patterns all2all_baseline single_turn mixed_p2p netflow all2allv_MPI all2allv_allinone
rm -rf build
make[1]: Leaving directory '/home/yhy/llm/comm_test/csrc'
make -C csrc coll_comm_bench
make[1]: Entering directory '/home/yhy/llm/comm_test/csrc'
nvcc coll_comm_bench.cu -std=c++11 -Xcompiler -fopenmp -I/home/yhy/.local/nccl/build/include -L/home/yhy/.local/nccl/build/lib/ "-gencode=arch=compute_70,code=sm_70" -lnccl -lcudart -c -o coll_comm_bench.o
nvcc comm.cu -std=c++11 -Xcompiler -fopenmp -I/home/yhy/.local/nccl/build/include -L/home/yhy/.local/nccl/build/lib/ "-gencode=arch=compute_70,code=sm_70" -lnccl -lcudart -c -o comm.o
nvcc utils.cu -std=c++11 -Xcompiler -fopenmp -I/home/yhy/.local/nccl/build/include -L/home/yhy/.local/nccl/build/lib/ "-gencode=arch=compute_70,code=sm_70" -lnccl -lcudart -c -o utils.o
mkdir -p build
"`which mpicxx`" coll_comm_bench.o comm.o jsoncpp.o utils.o -no-pie -std=c++11 -fopenmp -L/home/yhy/.local/nccl/build/lib -L/home/spack/spack/opt/spack/linux-debian12-cascadelake/gcc-12.2.0/cuda-12.0.1-34tfuheflqvthq3cikpjku6rigtpcsse/bin/../lib64 -lcudart -lnccl -Wall -o build/coll_comm_bench -Wl,-rpath=/home/yhy/.local/nccl/build/lib
/home/yhy/.local/anaconda3/bin/mpicxx: line 283: x86_64-conda_cos6-linux-gnu-c++: command not found
make[1]: *** [Makefile:25: coll_comm_bench] Error 127
rm comm.o utils.o coll_comm_bench.o
make[1]: Leaving directory '/home/yhy/llm/comm_test/csrc'
make: *** [Makefile:11: coll_comm_bench] Error 2
BACKEND: NCCL
HOST: nico1,nico2
NNODES: 2
NGPU_PER_NODE: 8
+ mpirun -np 16 --host nico1:8,nico2:8 ./csrc/build/coll_comm_bench 16 NCCL
[proxy:0:1@nico2] HYDU_create_process (utils/launch/launch.c:74): execvp error on file ./csrc/build/coll_comm_bench (No such file or directory)
[proxy:0:1@nico2] HYDU_create_process (utils/launch/launch.c:74): [proxy:0:1@nico2] HYDU_create_process (utils/launch/launch.c:74): execvp error on file ./csrc/build/coll_comm_bench (No such file or directory)
execvp error on file ./csrc/build/coll_comm_bench (No such file or directory)
[proxy:0:1@nico2] [proxy:0:1@nico2] [proxy:0:1@nico2] HYDU_create_process (utils/launch/launch.c:74): execvp error on file ./csrc/build/coll_comm_bench (No such file or directory)
HYDU_create_process (utils/launch/launch.c:74): execvp error on file ./csrc/build/coll_comm_bench (No such file or directory)
HYDU_create_process (utils/launch/launch.c:74): execvp error on file ./csrc/build/coll_comm_bench (No such file or directory)
[proxy:0:1@nico2] HYDU_create_process (utils/launch/launch.c:74): execvp error on file ./csrc/build/coll_comm_bench (No such file or directory)
[proxy:0:1@nico2] HYDU_create_process (utils/launch/launch.c:74): execvp error on file ./csrc/build/coll_comm_bench (No such file or directory)
[proxy:0:0@nico1] HYDU_create_process (utils/launch/launch.c:74): execvp error on file ./csrc/build/coll_comm_bench (No such file or directory)
[proxy:0:0@nico1] HYDU_create_process (utils/launch/launch.c:74): execvp error on file ./csrc/build/coll_comm_bench (No such file or directory)
[proxy:0:0@nico1] HYDU_create_process (utils/launch/launch.c:74): execvp error on file ./csrc/build/coll_comm_bench (No such file or directory)
[proxy:0:0@nico1] HYDU_create_process (utils/launch/launch.c:74): execvp error on file ./csrc/build/coll_comm_bench (No such file or directory)
[proxy:0:0@nico1] HYDU_create_process (utils/launch/launch.c:74): execvp error on file ./csrc/build/coll_comm_bench (No such file or directory)
[proxy:0:0@nico1] HYDU_create_process (utils/launch/launch.c:74): execvp error on file ./csrc/build/coll_comm_bench (No such file or directory)
[proxy:0:0@nico1] HYDU_create_process (utils/launch/launch.c:74): execvp error on file ./csrc/build/coll_comm_bench (No such file or directory)
[proxy:0:0@nico1] HYDU_create_process (utils/launch/launch.c:74): execvp error on file ./csrc/build/coll_comm_bench (No such file or directory)
